[2026-02-18 14:51:44] Exception while sending email: mail(): Failed to connect to mailserver at &quot;localhost&quot; port 25, verify your &quot;SMTP&quot; and &quot;smtp_port&quot; setting in php.ini or use ini_set() in C:\Users\MCWalvis3\Downloads\exclusiverepairs-master\system\libraries\Email.php:1902
Stack: #0 [internal function]: FSD_Controller->{closure}(2, 'mail(): Failed ...', 'C:\\Users\\MCWalv...', 1902)
#1 C:\Users\MCWalvis3\Downloads\exclusiverepairs-master\system\libraries\Email.php(1902): mail('johntest@yahoo....', '=?UTF-8?Q?Thank...', 'This is a multi...', 'Date: Wed, 18 F...', '-f supatronix@i...')
#2 C:\Users\MCWalvis3\Downloads\exclusiverepairs-master\system\libraries\Email.php(1831): CI_Email->_send_with_mail()
#3 C:\Users\MCWalvis3\Downloads\exclusiverepairs-master\system\libraries\Email.php(1721): CI_Email->_spool_email()
#4 C:\Users\MCWalvis3\Downloads\exclusiverepairs-master\application\libraries\Fsd.php(51): CI_Email->send()
#5 C:\Users\MCWalvis3\Downloads\exclusiverepairs-master\application\controllers\Job.php(171): Fsd->sent_email('supatronix@iway...', 'Supatronix Ware...', 'johntest@yahoo....', 'Thank you for v...', 'Dear John Test,...')
#6 C:\Users\MCWalvis3\Downloads\exclusiverepairs-master\system\core\CodeIgniter.php(532): Job->add()
#7 C:\Users\MCWalvis3\Downloads\exclusiverepairs-master\index.php(315): require_once('C:\\Users\\MCWalv...')
#8 {main}
[2026-02-18 15:33:07] Email send returned false. Debug: 220 smtp.gmail.com ESMTP ffacd0b85a97d-43796a5ac7csm38923734f8f.7 - gsmtp
<br /><pre>hello: 250-smtp.gmail.com at your service, [197.188.228.168]
250-SIZE 35882577
250-8BITMIME
250-STARTTLS
250-ENHANCEDSTATUSCODES
250-PIPELINING
250-CHUNKING
250 SMTPUTF8
</pre><pre>starttls: 220 2.0.0 Ready to start TLS
</pre><pre>hello: 250-smtp.gmail.com at your service, [197.188.228.168]
250-SIZE 35882577
250-8BITMIME
250-AUTH LOGIN PLAIN XOAUTH2 PLAIN-CLIENTTOKEN OAUTHBEARER XOAUTH
250-ENHANCEDSTATUSCODES
250-PIPELINING
250-CHUNKING
250 SMTPUTF8
</pre>Failed to authenticate password. Error: 535-5.7.8 Username and Password not accepted. For more information, go to
535 5.7.8  https://support.google.com/mail/?p=BadCredentials ffacd0b85a97d-43796a5ac7csm38923734f8f.7 - gsmtp
<br />Unable to send email using PHP SMTP. Your server might not be configured to send mail using this method.<br /><pre>Date: Wed, 18 Feb 2026 15:33:04 +0100
From: &quot;Supatronix Warehouse/Repairs&quot; &lt;supatronix@iway.na&gt;
Return-Path: &lt;supatronix@iway.na&gt;
To: monica@gmail.com
Subject: =?UTF-8?Q?Thank=20you=20for=20visiting=20store.?=
Reply-To: &lt;supatronix@iway.na&gt;
User-Agent: CodeIgniter
X-Sender: supatronix@iway.na
X-Mailer: CodeIgniter
X-Priority: 3 (Normal)
Message-ID: &lt;6995cda0915a9@iway.na&gt;
Mime-Version: 1.0

</pre>
[2026-02-18 15:56:26] Email send returned false. Debug: 220 smtp.gmail.com ESMTP 5b1f17b1804b1-4835d99e194sm457479745e9.8 - gsmtp
<br /><pre>hello: 250-smtp.gmail.com at your service, [197.188.228.168]
250-SIZE 35882577
250-8BITMIME
250-STARTTLS
250-ENHANCEDSTATUSCODES
250-PIPELINING
250-CHUNKING
250 SMTPUTF8
</pre><pre>starttls: 220 2.0.0 Ready to start TLS
</pre><pre>hello: 250-smtp.gmail.com at your service, [197.188.228.168]
250-SIZE 35882577
250-8BITMIME
250-AUTH LOGIN PLAIN XOAUTH2 PLAIN-CLIENTTOKEN OAUTHBEARER XOAUTH
250-ENHANCEDSTATUSCODES
250-PIPELINING
250-CHUNKING
250 SMTPUTF8
</pre>Failed to authenticate password. Error: 535-5.7.8 Username and Password not accepted. For more information, go to
535 5.7.8  https://support.google.com/mail/?p=BadCredentials 5b1f17b1804b1-4835d99e194sm457479745e9.8 - gsmtp
<br />Unable to send email using PHP SMTP. Your server might not be configured to send mail using this method.<br /><pre>Date: Wed, 18 Feb 2026 15:56:23 +0100
From: &quot;Exclusive Repairs&quot; &lt;info@exclusiveunlock.co.uk&gt;
Return-Path: &lt;info@exclusiveunlock.co.uk&gt;
To: monica@gmail.com
Subject: =?UTF-8?Q?Your=20order=20is=20ready=20to=20pick.?=
Reply-To: &lt;info@exclusiveunlock.co.uk&gt;
User-Agent: CodeIgniter
X-Sender: info@exclusiveunlock.co.uk
X-Mailer: CodeIgniter
X-Priority: 3 (Normal)
Message-ID: &lt;6995d31753c0f@exclusiveunlock.co.uk&gt;
Mime-Version: 1.0

</pre>
